2025-03-23 00:01:55,220 - INFO - Loading... -> o1_X_external.csv
2025-03-23 00:02:02,381 - INFO - Loading... -> o1_X_test.csv
2025-03-23 00:02:02,930 - INFO - Loading... -> o1_X_train.csv
2025-03-23 00:02:07,032 - INFO - Loading... -> o1_X_validate.csv
2025-03-23 00:02:07,531 - INFO - Loading... -> o1_y_external_los.csv
2025-03-23 00:02:07,574 - INFO - Loading... -> o1_y_external_mortality.csv
2025-03-23 00:02:07,603 - INFO - Loading... -> o1_y_test_los.csv
2025-03-23 00:02:07,612 - INFO - Loading... -> o1_y_test_mortality.csv
2025-03-23 00:02:07,617 - INFO - Loading... -> o1_y_train_los.csv
2025-03-23 00:02:07,654 - INFO - Loading... -> o1_y_train_mortality.csv
2025-03-23 00:02:07,672 - INFO - Loading... -> o1_y_validate_los.csv
2025-03-23 00:02:07,681 - INFO - Loading... -> o1_y_validate_mortality.csv
2025-03-23 00:02:07,686 - INFO - Loading... -> o2_X_external.csv
2025-03-23 00:02:11,190 - INFO - Loading... -> o2_X_test.csv
2025-03-23 00:02:11,456 - INFO - Loading... -> o2_X_train.csv
2025-03-23 00:02:13,410 - INFO - Loading... -> o2_X_validate.csv
2025-03-23 00:02:13,674 - INFO - Loading... -> o2_y_external_los.csv
2025-03-23 00:02:13,696 - INFO - Loading... -> o2_y_external_mortality.csv
2025-03-23 00:02:13,713 - INFO - Loading... -> o2_y_test_los.csv
2025-03-23 00:02:13,719 - INFO - Loading... -> o2_y_test_mortality.csv
2025-03-23 00:02:13,724 - INFO - Loading... -> o2_y_train_los.csv
2025-03-23 00:02:13,745 - INFO - Loading... -> o2_y_train_mortality.csv
2025-03-23 00:02:13,755 - INFO - Loading... -> o2_y_validate_los.csv
2025-03-23 00:02:13,761 - INFO - Loading... -> o2_y_validate_mortality.csv
2025-03-23 00:02:13,765 - INFO - Loading... -> o3_X_external.csv
2025-03-23 00:02:16,046 - INFO - Loading... -> o3_X_test.csv
2025-03-23 00:02:16,234 - INFO - Loading... -> o3_X_train.csv
2025-03-23 00:02:17,613 - INFO - Loading... -> o3_X_validate.csv
2025-03-23 00:02:17,804 - INFO - Loading... -> o3_y_external_los.csv
2025-03-23 00:02:17,821 - INFO - Loading... -> o3_y_external_mortality.csv
2025-03-23 00:02:17,834 - INFO - Loading... -> o3_y_test_los.csv
2025-03-23 00:02:17,839 - INFO - Loading... -> o3_y_test_mortality.csv
2025-03-23 00:02:17,843 - INFO - Loading... -> o3_y_train_los.csv
2025-03-23 00:02:17,859 - INFO - Loading... -> o3_y_train_mortality.csv
2025-03-23 00:02:17,866 - INFO - Loading... -> o3_y_validate_los.csv
2025-03-23 00:02:17,872 - INFO - Loading... -> o3_y_validate_mortality.csv
2025-03-23 00:02:17,875 - INFO - Loading... -> o4_X_external.csv
2025-03-23 00:02:19,612 - INFO - Loading... -> o4_X_test.csv
2025-03-23 00:02:19,762 - INFO - Loading... -> o4_X_train.csv
2025-03-23 00:02:20,735 - INFO - Loading... -> o4_X_validate.csv
2025-03-23 00:02:20,878 - INFO - Loading... -> o4_y_external_los.csv
2025-03-23 00:02:20,893 - INFO - Loading... -> o4_y_external_mortality.csv
2025-03-23 00:02:20,903 - INFO - Loading... -> o4_y_test_los.csv
2025-03-23 00:02:20,907 - INFO - Loading... -> o4_y_test_mortality.csv
2025-03-23 00:02:20,910 - INFO - Loading... -> o4_y_train_los.csv
2025-03-23 00:02:20,923 - INFO - Loading... -> o4_y_train_mortality.csv
2025-03-23 00:02:20,929 - INFO - Loading... -> o4_y_validate_los.csv
2025-03-23 00:02:20,933 - INFO - Loading... -> o4_y_validate_mortality.csv
2025-03-23 00:02:20,938 - INFO - o1_X_external loaded successfully with shape (234720, 345)
2025-03-23 00:02:20,939 - INFO - o1_X_test loaded successfully with shape (15312, 345)
2025-03-23 00:02:20,940 - INFO - o1_X_train loaded successfully with shape (122496, 345)
2025-03-23 00:02:20,941 - INFO - o1_X_validate loaded successfully with shape (15312, 345)
2025-03-23 00:02:20,942 - INFO - o1_y_external_los loaded successfully with shape (234720, 1)
2025-03-23 00:02:20,943 - INFO - o1_y_external_mortality loaded successfully with shape (234720, 1)
2025-03-23 00:02:20,944 - INFO - o1_y_test_los loaded successfully with shape (15312, 1)
2025-03-23 00:02:20,944 - INFO - o1_y_test_mortality loaded successfully with shape (15312, 1)
2025-03-23 00:02:20,946 - INFO - o1_y_train_los loaded successfully with shape (122496, 1)
2025-03-23 00:02:20,946 - INFO - o1_y_train_mortality loaded successfully with shape (122496, 1)
2025-03-23 00:02:20,947 - INFO - o1_y_validate_los loaded successfully with shape (15312, 1)
2025-03-23 00:02:20,948 - INFO - o1_y_validate_mortality loaded successfully with shape (15312, 1)
2025-03-23 00:02:20,948 - INFO - o2_X_external loaded successfully with shape (117360, 345)
2025-03-23 00:02:20,949 - INFO - o2_X_test loaded successfully with shape (7656, 345)
2025-03-23 00:02:20,950 - INFO - o2_X_train loaded successfully with shape (61248, 345)
2025-03-23 00:02:20,952 - INFO - o2_X_validate loaded successfully with shape (7656, 345)
2025-03-23 00:02:20,953 - INFO - o2_y_external_los loaded successfully with shape (117360, 1)
2025-03-23 00:02:20,954 - INFO - o2_y_external_mortality loaded successfully with shape (117360, 1)
2025-03-23 00:02:20,955 - INFO - o2_y_test_los loaded successfully with shape (7656, 1)
2025-03-23 00:02:20,955 - INFO - o2_y_test_mortality loaded successfully with shape (7656, 1)
2025-03-23 00:02:20,956 - INFO - o2_y_train_los loaded successfully with shape (61248, 1)
2025-03-23 00:02:20,957 - INFO - o2_y_train_mortality loaded successfully with shape (61248, 1)
2025-03-23 00:02:20,960 - INFO - o2_y_validate_los loaded successfully with shape (7656, 1)
2025-03-23 00:02:20,960 - INFO - o2_y_validate_mortality loaded successfully with shape (7656, 1)
2025-03-23 00:02:20,961 - INFO - o3_X_external loaded successfully with shape (78240, 345)
2025-03-23 00:02:20,962 - INFO - o3_X_test loaded successfully with shape (5104, 345)
2025-03-23 00:02:20,963 - INFO - o3_X_train loaded successfully with shape (40832, 345)
2025-03-23 00:02:20,964 - INFO - o3_X_validate loaded successfully with shape (5104, 345)
2025-03-23 00:02:20,965 - INFO - o3_y_external_los loaded successfully with shape (78240, 1)
2025-03-23 00:02:20,966 - INFO - o3_y_external_mortality loaded successfully with shape (78240, 1)
2025-03-23 00:02:20,966 - INFO - o3_y_test_los loaded successfully with shape (5104, 1)
2025-03-23 00:02:20,968 - INFO - o3_y_test_mortality loaded successfully with shape (5104, 1)
2025-03-23 00:02:20,969 - INFO - o3_y_train_los loaded successfully with shape (40832, 1)
2025-03-23 00:02:20,970 - INFO - o3_y_train_mortality loaded successfully with shape (40832, 1)
2025-03-23 00:02:20,971 - INFO - o3_y_validate_los loaded successfully with shape (5104, 1)
2025-03-23 00:02:20,972 - INFO - o3_y_validate_mortality loaded successfully with shape (5104, 1)
2025-03-23 00:02:20,972 - INFO - o4_X_external loaded successfully with shape (58680, 345)
2025-03-23 00:02:20,973 - INFO - o4_X_test loaded successfully with shape (3828, 345)
2025-03-23 00:02:20,974 - INFO - o4_X_train loaded successfully with shape (30624, 345)
2025-03-23 00:02:20,975 - INFO - o4_X_validate loaded successfully with shape (3828, 345)
2025-03-23 00:02:20,977 - INFO - o4_y_external_los loaded successfully with shape (58680, 1)
2025-03-23 00:02:20,977 - INFO - o4_y_external_mortality loaded successfully with shape (58680, 1)
2025-03-23 00:02:20,978 - INFO - o4_y_test_los loaded successfully with shape (3828, 1)
2025-03-23 00:02:20,979 - INFO - o4_y_test_mortality loaded successfully with shape (3828, 1)
2025-03-23 00:02:20,980 - INFO - o4_y_train_los loaded successfully with shape (30624, 1)
2025-03-23 00:02:20,980 - INFO - o4_y_train_mortality loaded successfully with shape (30624, 1)
2025-03-23 00:02:20,981 - INFO - o4_y_validate_los loaded successfully with shape (3828, 1)
2025-03-23 00:02:20,983 - INFO - o4_y_validate_mortality loaded successfully with shape (3828, 1)
2025-03-23 00:02:20,986 - INFO - Load Complete.
2025-03-23 00:02:20,996 - INFO - o1_X_external types:
float32    345
Name: count, dtype: int64
2025-03-23 00:02:20,999 - INFO - o1_X_test types:
float32    345
Name: count, dtype: int64
2025-03-23 00:02:21,001 - INFO - o1_X_train types:
float32    345
Name: count, dtype: int64
2025-03-23 00:02:21,005 - INFO - o1_X_validate types:
float32    345
Name: count, dtype: int64
2025-03-23 00:02:21,008 - INFO - o1_y_external_los types:
float32    1
Name: count, dtype: int64
2025-03-23 00:02:21,010 - INFO - o1_y_external_mortality types:
float32    1
Name: count, dtype: int64
2025-03-23 00:02:21,012 - INFO - o1_y_test_los types:
float32    1
Name: count, dtype: int64
2025-03-23 00:02:21,014 - INFO - o1_y_test_mortality types:
float32    1
Name: count, dtype: int64
2025-03-23 00:02:21,017 - INFO - o1_y_train_los types:
float32    1
Name: count, dtype: int64
2025-03-23 00:02:21,019 - INFO - o1_y_train_mortality types:
float32    1
Name: count, dtype: int64
2025-03-23 00:02:21,020 - INFO - o1_y_validate_los types:
float32    1
Name: count, dtype: int64
2025-03-23 00:02:21,026 - INFO - o1_y_validate_mortality types:
float32    1
Name: count, dtype: int64
2025-03-23 00:02:21,030 - INFO - o2_X_external types:
float32    345
Name: count, dtype: int64
2025-03-23 00:02:21,031 - INFO - o2_X_test types:
float32    345
Name: count, dtype: int64
2025-03-23 00:02:21,033 - INFO - o2_X_train types:
float32    345
Name: count, dtype: int64
2025-03-23 00:02:21,035 - INFO - o2_X_validate types:
float32    345
Name: count, dtype: int64
2025-03-23 00:02:21,038 - INFO - o2_y_external_los types:
float32    1
Name: count, dtype: int64
2025-03-23 00:02:21,041 - INFO - o2_y_external_mortality types:
float32    1
Name: count, dtype: int64
2025-03-23 00:02:21,043 - INFO - o2_y_test_los types:
float32    1
Name: count, dtype: int64
2025-03-23 00:02:21,044 - INFO - o2_y_test_mortality types:
float32    1
Name: count, dtype: int64
2025-03-23 00:02:21,046 - INFO - o2_y_train_los types:
float32    1
Name: count, dtype: int64
2025-03-23 00:02:21,048 - INFO - o2_y_train_mortality types:
float32    1
Name: count, dtype: int64
2025-03-23 00:02:21,049 - INFO - o2_y_validate_los types:
float32    1
Name: count, dtype: int64
2025-03-23 00:02:21,051 - INFO - o2_y_validate_mortality types:
float32    1
Name: count, dtype: int64
2025-03-23 00:02:21,055 - INFO - o3_X_external types:
float32    345
Name: count, dtype: int64
2025-03-23 00:02:21,057 - INFO - o3_X_test types:
float32    345
Name: count, dtype: int64
2025-03-23 00:02:21,059 - INFO - o3_X_train types:
float32    345
Name: count, dtype: int64
2025-03-23 00:02:21,060 - INFO - o3_X_validate types:
float32    345
Name: count, dtype: int64
2025-03-23 00:02:21,063 - INFO - o3_y_external_los types:
float32    1
Name: count, dtype: int64
2025-03-23 00:02:21,064 - INFO - o3_y_external_mortality types:
float32    1
Name: count, dtype: int64
2025-03-23 00:02:21,066 - INFO - o3_y_test_los types:
float32    1
Name: count, dtype: int64
2025-03-23 00:02:21,067 - INFO - o3_y_test_mortality types:
float32    1
Name: count, dtype: int64
2025-03-23 00:02:21,070 - INFO - o3_y_train_los types:
float32    1
Name: count, dtype: int64
2025-03-23 00:02:21,071 - INFO - o3_y_train_mortality types:
float32    1
Name: count, dtype: int64
2025-03-23 00:02:21,073 - INFO - o3_y_validate_los types:
float32    1
Name: count, dtype: int64
2025-03-23 00:02:21,075 - INFO - o3_y_validate_mortality types:
float32    1
Name: count, dtype: int64
2025-03-23 00:02:21,077 - INFO - o4_X_external types:
float32    345
Name: count, dtype: int64
2025-03-23 00:02:21,078 - INFO - o4_X_test types:
float32    345
Name: count, dtype: int64
2025-03-23 00:02:21,080 - INFO - o4_X_train types:
float32    345
Name: count, dtype: int64
2025-03-23 00:02:21,081 - INFO - o4_X_validate types:
float32    345
Name: count, dtype: int64
2025-03-23 00:02:21,083 - INFO - o4_y_external_los types:
float32    1
Name: count, dtype: int64
2025-03-23 00:02:21,085 - INFO - o4_y_external_mortality types:
float32    1
Name: count, dtype: int64
2025-03-23 00:02:21,086 - INFO - o4_y_test_los types:
float32    1
Name: count, dtype: int64
2025-03-23 00:02:21,088 - INFO - o4_y_test_mortality types:
float32    1
Name: count, dtype: int64
2025-03-23 00:02:21,089 - INFO - o4_y_train_los types:
float32    1
Name: count, dtype: int64
2025-03-23 00:02:21,091 - INFO - o4_y_train_mortality types:
float32    1
Name: count, dtype: int64
2025-03-23 00:02:21,093 - INFO - o4_y_validate_los types:
float32    1
Name: count, dtype: int64
2025-03-23 00:02:21,094 - INFO - o4_y_validate_mortality types:
float32    1
Name: count, dtype: int64
2025-03-23 00:02:21,280 - INFO - o1_X_external: 39527616 missing values across 308 columns
2025-03-23 00:02:21,295 - INFO - o1_X_test: 1985664 missing values across 292 columns
2025-03-23 00:02:21,385 - INFO - o1_X_train: 15876288 missing values across 304 columns
2025-03-23 00:02:21,399 - INFO - o1_X_validate: 2007696 missing values across 296 columns
2025-03-23 00:02:21,402 - INFO - o1_y_external_los: 0 missing values across 0 columns
2025-03-23 00:02:21,404 - INFO - o1_y_external_mortality: 0 missing values across 0 columns
2025-03-23 00:02:21,406 - INFO - o1_y_test_los: 0 missing values across 0 columns
2025-03-23 00:02:21,408 - INFO - o1_y_test_mortality: 0 missing values across 0 columns
2025-03-23 00:02:21,410 - INFO - o1_y_train_los: 0 missing values across 0 columns
2025-03-23 00:02:21,412 - INFO - o1_y_train_mortality: 0 missing values across 0 columns
2025-03-23 00:02:21,414 - INFO - o1_y_validate_los: 0 missing values across 0 columns
2025-03-23 00:02:21,416 - INFO - o1_y_validate_mortality: 0 missing values across 0 columns
2025-03-23 00:02:21,501 - INFO - o2_X_external: 19763572 missing values across 308 columns
2025-03-23 00:02:21,510 - INFO - o2_X_test: 992832 missing values across 292 columns
2025-03-23 00:02:21,556 - INFO - o2_X_train: 7938144 missing values across 304 columns
2025-03-23 00:02:21,565 - INFO - o2_X_validate: 1003848 missing values across 296 columns
2025-03-23 00:02:21,567 - INFO - o2_y_external_los: 0 missing values across 0 columns
2025-03-23 00:02:21,569 - INFO - o2_y_external_mortality: 0 missing values across 0 columns
2025-03-23 00:02:21,571 - INFO - o2_y_test_los: 0 missing values across 0 columns
2025-03-23 00:02:21,573 - INFO - o2_y_test_mortality: 0 missing values across 0 columns
2025-03-23 00:02:21,575 - INFO - o2_y_train_los: 0 missing values across 0 columns
2025-03-23 00:02:21,577 - INFO - o2_y_train_mortality: 0 missing values across 0 columns
2025-03-23 00:02:21,579 - INFO - o2_y_validate_los: 0 missing values across 0 columns
2025-03-23 00:02:21,581 - INFO - o2_y_validate_mortality: 0 missing values across 0 columns
2025-03-23 00:02:21,640 - INFO - o3_X_external: 13175808 missing values across 308 columns
2025-03-23 00:02:21,646 - INFO - o3_X_test: 661888 missing values across 292 columns
2025-03-23 00:02:21,678 - INFO - o3_X_train: 5292096 missing values across 304 columns
2025-03-23 00:02:21,685 - INFO - o3_X_validate: 669232 missing values across 296 columns
2025-03-23 00:02:21,687 - INFO - o3_y_external_los: 0 missing values across 0 columns
2025-03-23 00:02:21,689 - INFO - o3_y_external_mortality: 0 missing values across 0 columns
2025-03-23 00:02:21,691 - INFO - o3_y_test_los: 0 missing values across 0 columns
2025-03-23 00:02:21,693 - INFO - o3_y_test_mortality: 0 missing values across 0 columns
2025-03-23 00:02:21,695 - INFO - o3_y_train_los: 0 missing values across 0 columns
2025-03-23 00:02:21,697 - INFO - o3_y_train_mortality: 0 missing values across 0 columns
2025-03-23 00:02:21,698 - INFO - o3_y_validate_los: 0 missing values across 0 columns
2025-03-23 00:02:21,700 - INFO - o3_y_validate_mortality: 0 missing values across 0 columns
2025-03-23 00:02:21,744 - INFO - o4_X_external: 9881900 missing values across 308 columns
2025-03-23 00:02:21,750 - INFO - o4_X_test: 496416 missing values across 292 columns
2025-03-23 00:02:21,775 - INFO - o4_X_train: 3969072 missing values across 304 columns
2025-03-23 00:02:21,781 - INFO - o4_X_validate: 501924 missing values across 296 columns
2025-03-23 00:02:21,783 - INFO - o4_y_external_los: 0 missing values across 0 columns
2025-03-23 00:02:21,785 - INFO - o4_y_external_mortality: 0 missing values across 0 columns
2025-03-23 00:02:21,787 - INFO - o4_y_test_los: 0 missing values across 0 columns
2025-03-23 00:02:21,788 - INFO - o4_y_test_mortality: 0 missing values across 0 columns
2025-03-23 00:02:21,790 - INFO - o4_y_train_los: 0 missing values across 0 columns
2025-03-23 00:02:21,793 - INFO - o4_y_train_mortality: 0 missing values across 0 columns
2025-03-23 00:02:21,795 - INFO - o4_y_validate_los: 0 missing values across 0 columns
2025-03-23 00:02:21,796 - INFO - o4_y_validate_mortality: 0 missing values across 0 columns
2025-03-23 00:02:21,810 - INFO - o1_y_external_los unique target values: {'los': 830}
2025-03-23 00:02:21,815 - INFO - o1_y_external_mortality unique target values: {'hospital_expire_flag': 2}
2025-03-23 00:02:21,817 - INFO - o1_y_test_los unique target values: {'los': 319}
2025-03-23 00:02:21,820 - INFO - o1_y_test_mortality unique target values: {'hospital_expire_flag': 2}
2025-03-23 00:02:21,823 - INFO - o1_y_train_los unique target values: {'los': 2548}
2025-03-23 00:02:21,826 - INFO - o1_y_train_mortality unique target values: {'hospital_expire_flag': 2}
2025-03-23 00:02:21,828 - INFO - o1_y_validate_los unique target values: {'los': 319}
2025-03-23 00:02:21,829 - INFO - o1_y_validate_mortality unique target values: {'hospital_expire_flag': 2}
2025-03-23 00:02:21,832 - INFO - o2_y_external_los unique target values: {'los': 830}
2025-03-23 00:02:21,835 - INFO - o2_y_external_mortality unique target values: {'hospital_expire_flag': 2}
2025-03-23 00:02:21,837 - INFO - o2_y_test_los unique target values: {'los': 319}
2025-03-23 00:02:21,839 - INFO - o2_y_test_mortality unique target values: {'hospital_expire_flag': 2}
2025-03-23 00:02:21,841 - INFO - o2_y_train_los unique target values: {'los': 2548}
2025-03-23 00:02:21,843 - INFO - o2_y_train_mortality unique target values: {'hospital_expire_flag': 2}
2025-03-23 00:02:21,845 - INFO - o2_y_validate_los unique target values: {'los': 319}
2025-03-23 00:02:21,846 - INFO - o2_y_validate_mortality unique target values: {'hospital_expire_flag': 2}
2025-03-23 00:02:21,848 - INFO - o3_y_external_los unique target values: {'los': 830}
2025-03-23 00:02:21,850 - INFO - o3_y_external_mortality unique target values: {'hospital_expire_flag': 2}
2025-03-23 00:02:21,852 - INFO - o3_y_test_los unique target values: {'los': 319}
2025-03-23 00:02:21,854 - INFO - o3_y_test_mortality unique target values: {'hospital_expire_flag': 2}
2025-03-23 00:02:21,856 - INFO - o3_y_train_los unique target values: {'los': 2548}
2025-03-23 00:02:21,857 - INFO - o3_y_train_mortality unique target values: {'hospital_expire_flag': 2}
2025-03-23 00:02:21,859 - INFO - o3_y_validate_los unique target values: {'los': 319}
2025-03-23 00:02:21,860 - INFO - o3_y_validate_mortality unique target values: {'hospital_expire_flag': 2}
2025-03-23 00:02:21,862 - INFO - o4_y_external_los unique target values: {'los': 830}
2025-03-23 00:02:21,864 - INFO - o4_y_external_mortality unique target values: {'hospital_expire_flag': 2}
2025-03-23 00:02:21,865 - INFO - o4_y_test_los unique target values: {'los': 319}
2025-03-23 00:02:21,867 - INFO - o4_y_test_mortality unique target values: {'hospital_expire_flag': 2}
2025-03-23 00:02:21,869 - INFO - o4_y_train_los unique target values: {'los': 2548}
2025-03-23 00:02:21,870 - INFO - o4_y_train_mortality unique target values: {'hospital_expire_flag': 2}
2025-03-23 00:02:21,871 - INFO - o4_y_validate_los unique target values: {'los': 319}
2025-03-23 00:02:21,873 - INFO - o4_y_validate_mortality unique target values: {'hospital_expire_flag': 2}
