2025-05-03 14:24:50,157 - INFO - Switched logging to logs/CIR-9.log
2025-05-03 14:24:50,158 - INFO - This is being logged to CIR-9.log
2025-05-03 14:24:52,354 - INFO -           Dataset          Shape  Total Missing Cells  Total Missing %  \
0   o1_X_external  (234720, 345)             39527616            48.81   
12  o2_X_external  (117360, 345)             19763572            48.81   
36  o4_X_external   (58680, 345)              9881900            48.81   
24  o3_X_external   (78240, 345)             13175808            48.81   
27  o3_X_validate    (5104, 345)               669232            38.01   
3   o1_X_validate   (15312, 345)              2007696            38.01   
15  o2_X_validate    (7656, 345)              1003848            38.01   
39  o4_X_validate    (3828, 345)               501924            38.01   
25      o3_X_test    (5104, 345)               661888            37.59   
1       o1_X_test   (15312, 345)              1985664            37.59   
13      o2_X_test    (7656, 345)               992832            37.59   
37      o4_X_test    (3828, 345)               496416            37.59   
26     o3_X_train   (40832, 345)              5292096            37.57   
2      o1_X_train  (122496, 345)             15876288            37.57   
14     o2_X_train   (61248, 345)              7938144            37.57   
38     o4_X_train   (30624, 345)              3969072            37.57   

    Columns with Missing (%)  Max % Missing in Row  Mean % Missing in Row  \
0                        308                 89.28                  48.81   
12                       308                 89.28                  48.81   
36                       308                 89.28                  48.81   
24                       308                 89.28                  48.81   
27                       296                 78.84                  38.01   
3                        296                 78.84                  38.01   
15                       296                 78.84                  38.01   
39                       296                 78.84                  38.01   
25                       292                 80.00                  37.59   
1                        292                 80.00                  37.59   
13                       292                 80.00                  37.59   
37                       292                 80.00                  37.59   
26                       304                 81.16                  37.57   
2                        304                 81.16                  37.57   
14                       304                 81.16                  37.57   
38                       304                 81.16                  37.57   

    Min % Missing in Row  
0                  13.91  
12                 13.91  
36                 13.91  
24                 13.91  
27                  9.28  
3                   9.28  
15                  9.28  
39                  9.28  
25                 10.43  
1                  10.43  
13                 10.43  
37                 10.43  
26                  6.96  
2                   6.96  
14                  6.96  
38                  6.96  
