2025-03-23 01:31:53,384 - INFO - ++++++++++++++++++++++++++++++++++++++++++
2025-03-23 01:31:53,387 - INFO - Start Loading Dataframes.
2025-03-23 01:31:53,388 - INFO - Loading... -> o1_X_external.csv
2025-03-23 01:32:00,228 - INFO - Loading... -> o1_X_test.csv
2025-03-23 01:32:00,819 - INFO - Loading... -> o1_X_train.csv
2025-03-23 01:32:04,899 - INFO - Loading... -> o1_X_validate.csv
2025-03-23 01:32:05,444 - INFO - Loading... -> o1_y_external_los.csv
2025-03-23 01:32:05,489 - INFO - Loading... -> o1_y_external_mortality.csv
2025-03-23 01:32:05,520 - INFO - Loading... -> o1_y_test_los.csv
2025-03-23 01:32:05,531 - INFO - Loading... -> o1_y_test_mortality.csv
2025-03-23 01:32:05,536 - INFO - Loading... -> o1_y_train_los.csv
2025-03-23 01:32:05,580 - INFO - Loading... -> o1_y_train_mortality.csv
2025-03-23 01:32:05,598 - INFO - Loading... -> o1_y_validate_los.csv
2025-03-23 01:32:05,610 - INFO - Loading... -> o1_y_validate_mortality.csv
2025-03-23 01:32:05,616 - INFO - Loading... -> o2_X_external.csv
2025-03-23 01:32:09,220 - INFO - Loading... -> o2_X_test.csv
2025-03-23 01:32:09,513 - INFO - Loading... -> o2_X_train.csv
2025-03-23 01:32:11,514 - INFO - Loading... -> o2_X_validate.csv
2025-03-23 01:32:11,784 - INFO - Loading... -> o2_y_external_los.csv
2025-03-23 01:32:11,806 - INFO - Loading... -> o2_y_external_mortality.csv
2025-03-23 01:32:11,824 - INFO - Loading... -> o2_y_test_los.csv
2025-03-23 01:32:11,831 - INFO - Loading... -> o2_y_test_mortality.csv
2025-03-23 01:32:11,836 - INFO - Loading... -> o2_y_train_los.csv
2025-03-23 01:32:11,859 - INFO - Loading... -> o2_y_train_mortality.csv
2025-03-23 01:32:11,870 - INFO - Loading... -> o2_y_validate_los.csv
2025-03-23 01:32:11,877 - INFO - Loading... -> o2_y_validate_mortality.csv
2025-03-23 01:32:11,882 - INFO - Loading... -> o3_X_external.csv
2025-03-23 01:32:14,248 - INFO - Loading... -> o3_X_test.csv
2025-03-23 01:32:14,433 - INFO - Loading... -> o3_X_train.csv
2025-03-23 01:32:15,758 - INFO - Loading... -> o3_X_validate.csv
2025-03-23 01:32:15,947 - INFO - Loading... -> o3_y_external_los.csv
2025-03-23 01:32:15,963 - INFO - Loading... -> o3_y_external_mortality.csv
2025-03-23 01:32:15,976 - INFO - Loading... -> o3_y_test_los.csv
2025-03-23 01:32:15,982 - INFO - Loading... -> o3_y_test_mortality.csv
2025-03-23 01:32:15,985 - INFO - Loading... -> o3_y_train_los.csv
2025-03-23 01:32:16,001 - INFO - Loading... -> o3_y_train_mortality.csv
2025-03-23 01:32:16,009 - INFO - Loading... -> o3_y_validate_los.csv
2025-03-23 01:32:16,015 - INFO - Loading... -> o3_y_validate_mortality.csv
2025-03-23 01:32:16,018 - INFO - Loading... -> o4_X_external.csv
2025-03-23 01:32:17,803 - INFO - Loading... -> o4_X_test.csv
2025-03-23 01:32:17,952 - INFO - Loading... -> o4_X_train.csv
2025-03-23 01:32:18,984 - INFO - Loading... -> o4_X_validate.csv
2025-03-23 01:32:19,142 - INFO - Loading... -> o4_y_external_los.csv
2025-03-23 01:32:19,156 - INFO - Loading... -> o4_y_external_mortality.csv
2025-03-23 01:32:19,166 - INFO - Loading... -> o4_y_test_los.csv
2025-03-23 01:32:19,171 - INFO - Loading... -> o4_y_test_mortality.csv
2025-03-23 01:32:19,176 - INFO - Loading... -> o4_y_train_los.csv
2025-03-23 01:32:19,191 - INFO - Loading... -> o4_y_train_mortality.csv
2025-03-23 01:32:19,198 - INFO - Loading... -> o4_y_validate_los.csv
2025-03-23 01:32:19,203 - INFO - Loading... -> o4_y_validate_mortality.csv
2025-03-23 01:32:19,209 - INFO - o1_X_external loaded successfully with shape (234720, 345)
2025-03-23 01:32:19,210 - INFO - o1_X_test loaded successfully with shape (15312, 345)
2025-03-23 01:32:19,211 - INFO - o1_X_train loaded successfully with shape (122496, 345)
2025-03-23 01:32:19,212 - INFO - o1_X_validate loaded successfully with shape (15312, 345)
2025-03-23 01:32:19,213 - INFO - o1_y_external_los loaded successfully with shape (234720, 1)
2025-03-23 01:32:19,214 - INFO - o1_y_external_mortality loaded successfully with shape (234720, 1)
2025-03-23 01:32:19,215 - INFO - o1_y_test_los loaded successfully with shape (15312, 1)
2025-03-23 01:32:19,216 - INFO - o1_y_test_mortality loaded successfully with shape (15312, 1)
2025-03-23 01:32:19,217 - INFO - o1_y_train_los loaded successfully with shape (122496, 1)
2025-03-23 01:32:19,218 - INFO - o1_y_train_mortality loaded successfully with shape (122496, 1)
2025-03-23 01:32:19,219 - INFO - o1_y_validate_los loaded successfully with shape (15312, 1)
2025-03-23 01:32:19,219 - INFO - o1_y_validate_mortality loaded successfully with shape (15312, 1)
2025-03-23 01:32:19,220 - INFO - o2_X_external loaded successfully with shape (117360, 345)
2025-03-23 01:32:19,221 - INFO - o2_X_test loaded successfully with shape (7656, 345)
2025-03-23 01:32:19,223 - INFO - o2_X_train loaded successfully with shape (61248, 345)
2025-03-23 01:32:19,224 - INFO - o2_X_validate loaded successfully with shape (7656, 345)
2025-03-23 01:32:19,225 - INFO - o2_y_external_los loaded successfully with shape (117360, 1)
2025-03-23 01:32:19,226 - INFO - o2_y_external_mortality loaded successfully with shape (117360, 1)
2025-03-23 01:32:19,227 - INFO - o2_y_test_los loaded successfully with shape (7656, 1)
2025-03-23 01:32:19,228 - INFO - o2_y_test_mortality loaded successfully with shape (7656, 1)
2025-03-23 01:32:19,229 - INFO - o2_y_train_los loaded successfully with shape (61248, 1)
2025-03-23 01:32:19,229 - INFO - o2_y_train_mortality loaded successfully with shape (61248, 1)
2025-03-23 01:32:19,231 - INFO - o2_y_validate_los loaded successfully with shape (7656, 1)
2025-03-23 01:32:19,232 - INFO - o2_y_validate_mortality loaded successfully with shape (7656, 1)
2025-03-23 01:32:19,233 - INFO - o3_X_external loaded successfully with shape (78240, 345)
2025-03-23 01:32:19,234 - INFO - o3_X_test loaded successfully with shape (5104, 345)
2025-03-23 01:32:19,234 - INFO - o3_X_train loaded successfully with shape (40832, 345)
2025-03-23 01:32:19,235 - INFO - o3_X_validate loaded successfully with shape (5104, 345)
2025-03-23 01:32:19,236 - INFO - o3_y_external_los loaded successfully with shape (78240, 1)
2025-03-23 01:32:19,236 - INFO - o3_y_external_mortality loaded successfully with shape (78240, 1)
2025-03-23 01:32:19,237 - INFO - o3_y_test_los loaded successfully with shape (5104, 1)
2025-03-23 01:32:19,240 - INFO - o3_y_test_mortality loaded successfully with shape (5104, 1)
2025-03-23 01:32:19,241 - INFO - o3_y_train_los loaded successfully with shape (40832, 1)
2025-03-23 01:32:19,241 - INFO - o3_y_train_mortality loaded successfully with shape (40832, 1)
2025-03-23 01:32:19,242 - INFO - o3_y_validate_los loaded successfully with shape (5104, 1)
2025-03-23 01:32:19,243 - INFO - o3_y_validate_mortality loaded successfully with shape (5104, 1)
2025-03-23 01:32:19,243 - INFO - o4_X_external loaded successfully with shape (58680, 345)
2025-03-23 01:32:19,244 - INFO - o4_X_test loaded successfully with shape (3828, 345)
2025-03-23 01:32:19,245 - INFO - o4_X_train loaded successfully with shape (30624, 345)
2025-03-23 01:32:19,245 - INFO - o4_X_validate loaded successfully with shape (3828, 345)
2025-03-23 01:32:19,246 - INFO - o4_y_external_los loaded successfully with shape (58680, 1)
2025-03-23 01:32:19,247 - INFO - o4_y_external_mortality loaded successfully with shape (58680, 1)
2025-03-23 01:32:19,248 - INFO - o4_y_test_los loaded successfully with shape (3828, 1)
2025-03-23 01:32:19,248 - INFO - o4_y_test_mortality loaded successfully with shape (3828, 1)
2025-03-23 01:32:19,250 - INFO - o4_y_train_los loaded successfully with shape (30624, 1)
2025-03-23 01:32:19,251 - INFO - o4_y_train_mortality loaded successfully with shape (30624, 1)
2025-03-23 01:32:19,252 - INFO - o4_y_validate_los loaded successfully with shape (3828, 1)
2025-03-23 01:32:19,253 - INFO - o4_y_validate_mortality loaded successfully with shape (3828, 1)
2025-03-23 01:32:19,253 - INFO - Load Complete.
2025-03-23 01:32:19,255 - INFO - ++++++++++++++++++++++++++++++++++++++++++
2025-03-23 01:32:23,553 - INFO - ++++++++++++++++++++++++++++++++++++++++++
2025-03-23 01:32:23,554 - INFO - Check Datatypes...
2025-03-23 01:32:23,557 - INFO - o1_X_external types:
float32    345
Name: count, dtype: int64
2025-03-23 01:32:23,559 - INFO - o1_X_test types:
float32    345
Name: count, dtype: int64
2025-03-23 01:32:23,561 - INFO - o1_X_train types:
float32    345
Name: count, dtype: int64
2025-03-23 01:32:23,563 - INFO - o1_X_validate types:
float32    345
Name: count, dtype: int64
2025-03-23 01:32:23,565 - INFO - o1_y_external_los types:
float32    1
Name: count, dtype: int64
2025-03-23 01:32:23,567 - INFO - o1_y_external_mortality types:
float32    1
Name: count, dtype: int64
2025-03-23 01:32:23,568 - INFO - o1_y_test_los types:
float32    1
Name: count, dtype: int64
2025-03-23 01:32:23,571 - INFO - o1_y_test_mortality types:
float32    1
Name: count, dtype: int64
2025-03-23 01:32:23,573 - INFO - o1_y_train_los types:
float32    1
Name: count, dtype: int64
2025-03-23 01:32:23,575 - INFO - o1_y_train_mortality types:
float32    1
Name: count, dtype: int64
2025-03-23 01:32:23,577 - INFO - o1_y_validate_los types:
float32    1
Name: count, dtype: int64
2025-03-23 01:32:23,579 - INFO - o1_y_validate_mortality types:
float32    1
Name: count, dtype: int64
2025-03-23 01:32:23,581 - INFO - o2_X_external types:
float32    345
Name: count, dtype: int64
2025-03-23 01:32:23,583 - INFO - o2_X_test types:
float32    345
Name: count, dtype: int64
2025-03-23 01:32:23,584 - INFO - o2_X_train types:
float32    345
Name: count, dtype: int64
2025-03-23 01:32:23,587 - INFO - o2_X_validate types:
float32    345
Name: count, dtype: int64
2025-03-23 01:32:23,588 - INFO - o2_y_external_los types:
float32    1
Name: count, dtype: int64
2025-03-23 01:32:23,591 - INFO - o2_y_external_mortality types:
float32    1
Name: count, dtype: int64
2025-03-23 01:32:23,593 - INFO - o2_y_test_los types:
float32    1
Name: count, dtype: int64
2025-03-23 01:32:23,594 - INFO - o2_y_test_mortality types:
float32    1
Name: count, dtype: int64
2025-03-23 01:32:23,596 - INFO - o2_y_train_los types:
float32    1
Name: count, dtype: int64
2025-03-23 01:32:23,598 - INFO - o2_y_train_mortality types:
float32    1
Name: count, dtype: int64
2025-03-23 01:32:23,600 - INFO - o2_y_validate_los types:
float32    1
Name: count, dtype: int64
2025-03-23 01:32:23,602 - INFO - o2_y_validate_mortality types:
float32    1
Name: count, dtype: int64
2025-03-23 01:32:23,604 - INFO - o3_X_external types:
float32    345
Name: count, dtype: int64
2025-03-23 01:32:23,606 - INFO - o3_X_test types:
float32    345
Name: count, dtype: int64
2025-03-23 01:32:23,608 - INFO - o3_X_train types:
float32    345
Name: count, dtype: int64
2025-03-23 01:32:23,610 - INFO - o3_X_validate types:
float32    345
Name: count, dtype: int64
2025-03-23 01:32:23,612 - INFO - o3_y_external_los types:
float32    1
Name: count, dtype: int64
2025-03-23 01:32:23,614 - INFO - o3_y_external_mortality types:
float32    1
Name: count, dtype: int64
2025-03-23 01:32:23,615 - INFO - o3_y_test_los types:
float32    1
Name: count, dtype: int64
2025-03-23 01:32:23,617 - INFO - o3_y_test_mortality types:
float32    1
Name: count, dtype: int64
2025-03-23 01:32:23,619 - INFO - o3_y_train_los types:
float32    1
Name: count, dtype: int64
2025-03-23 01:32:23,620 - INFO - o3_y_train_mortality types:
float32    1
Name: count, dtype: int64
2025-03-23 01:32:23,622 - INFO - o3_y_validate_los types:
float32    1
Name: count, dtype: int64
2025-03-23 01:32:23,624 - INFO - o3_y_validate_mortality types:
float32    1
Name: count, dtype: int64
2025-03-23 01:32:23,625 - INFO - o4_X_external types:
float32    345
Name: count, dtype: int64
2025-03-23 01:32:23,627 - INFO - o4_X_test types:
float32    345
Name: count, dtype: int64
2025-03-23 01:32:23,629 - INFO - o4_X_train types:
float32    345
Name: count, dtype: int64
2025-03-23 01:32:23,632 - INFO - o4_X_validate types:
float32    345
Name: count, dtype: int64
2025-03-23 01:32:23,633 - INFO - o4_y_external_los types:
float32    1
Name: count, dtype: int64
2025-03-23 01:32:23,635 - INFO - o4_y_external_mortality types:
float32    1
Name: count, dtype: int64
2025-03-23 01:32:23,637 - INFO - o4_y_test_los types:
float32    1
Name: count, dtype: int64
2025-03-23 01:32:23,639 - INFO - o4_y_test_mortality types:
float32    1
Name: count, dtype: int64
2025-03-23 01:32:23,641 - INFO - o4_y_train_los types:
float32    1
Name: count, dtype: int64
2025-03-23 01:32:23,644 - INFO - o4_y_train_mortality types:
float32    1
Name: count, dtype: int64
2025-03-23 01:32:23,646 - INFO - o4_y_validate_los types:
float32    1
Name: count, dtype: int64
2025-03-23 01:32:23,648 - INFO - o4_y_validate_mortality types:
float32    1
Name: count, dtype: int64
2025-03-23 01:32:23,649 - INFO - Check Complete.
2025-03-23 01:32:23,650 - INFO - ++++++++++++++++++++++++++++++++++++++++++
2025-03-23 01:32:27,924 - INFO - ++++++++++++++++++++++++++++++++++++++++++
2025-03-23 01:32:27,925 - INFO - Calculate missing values...
2025-03-23 01:32:28,102 - INFO - o1_X_external: 39527616 missing values across 308 columns
2025-03-23 01:32:28,117 - INFO - o1_X_test: 1985664 missing values across 292 columns
2025-03-23 01:32:28,211 - INFO - o1_X_train: 15876288 missing values across 304 columns
2025-03-23 01:32:28,226 - INFO - o1_X_validate: 2007696 missing values across 296 columns
2025-03-23 01:32:28,228 - INFO - o1_y_external_los: 0 missing values across 0 columns
2025-03-23 01:32:28,231 - INFO - o1_y_external_mortality: 0 missing values across 0 columns
2025-03-23 01:32:28,233 - INFO - o1_y_test_los: 0 missing values across 0 columns
2025-03-23 01:32:28,234 - INFO - o1_y_test_mortality: 0 missing values across 0 columns
2025-03-23 01:32:28,237 - INFO - o1_y_train_los: 0 missing values across 0 columns
2025-03-23 01:32:28,239 - INFO - o1_y_train_mortality: 0 missing values across 0 columns
2025-03-23 01:32:28,241 - INFO - o1_y_validate_los: 0 missing values across 0 columns
2025-03-23 01:32:28,243 - INFO - o1_y_validate_mortality: 0 missing values across 0 columns
2025-03-23 01:32:28,338 - INFO - o2_X_external: 19763572 missing values across 308 columns
2025-03-23 01:32:28,347 - INFO - o2_X_test: 992832 missing values across 292 columns
2025-03-23 01:32:28,405 - INFO - o2_X_train: 7938144 missing values across 304 columns
2025-03-23 01:32:28,415 - INFO - o2_X_validate: 1003848 missing values across 296 columns
2025-03-23 01:32:28,417 - INFO - o2_y_external_los: 0 missing values across 0 columns
2025-03-23 01:32:28,419 - INFO - o2_y_external_mortality: 0 missing values across 0 columns
2025-03-23 01:32:28,421 - INFO - o2_y_test_los: 0 missing values across 0 columns
2025-03-23 01:32:28,424 - INFO - o2_y_test_mortality: 0 missing values across 0 columns
2025-03-23 01:32:28,426 - INFO - o2_y_train_los: 0 missing values across 0 columns
2025-03-23 01:32:28,428 - INFO - o2_y_train_mortality: 0 missing values across 0 columns
2025-03-23 01:32:28,430 - INFO - o2_y_validate_los: 0 missing values across 0 columns
2025-03-23 01:32:28,432 - INFO - o2_y_validate_mortality: 0 missing values across 0 columns
2025-03-23 01:32:28,494 - INFO - o3_X_external: 13175808 missing values across 308 columns
2025-03-23 01:32:28,501 - INFO - o3_X_test: 661888 missing values across 292 columns
2025-03-23 01:32:28,537 - INFO - o3_X_train: 5292096 missing values across 304 columns
2025-03-23 01:32:28,544 - INFO - o3_X_validate: 669232 missing values across 296 columns
2025-03-23 01:32:28,546 - INFO - o3_y_external_los: 0 missing values across 0 columns
2025-03-23 01:32:28,549 - INFO - o3_y_external_mortality: 0 missing values across 0 columns
2025-03-23 01:32:28,551 - INFO - o3_y_test_los: 0 missing values across 0 columns
2025-03-23 01:32:28,552 - INFO - o3_y_test_mortality: 0 missing values across 0 columns
2025-03-23 01:32:28,554 - INFO - o3_y_train_los: 0 missing values across 0 columns
2025-03-23 01:32:28,557 - INFO - o3_y_train_mortality: 0 missing values across 0 columns
2025-03-23 01:32:28,560 - INFO - o3_y_validate_los: 0 missing values across 0 columns
2025-03-23 01:32:28,561 - INFO - o3_y_validate_mortality: 0 missing values across 0 columns
2025-03-23 01:32:28,611 - INFO - o4_X_external: 9881900 missing values across 308 columns
2025-03-23 01:32:28,616 - INFO - o4_X_test: 496416 missing values across 292 columns
2025-03-23 01:32:28,644 - INFO - o4_X_train: 3969072 missing values across 304 columns
2025-03-23 01:32:28,650 - INFO - o4_X_validate: 501924 missing values across 296 columns
2025-03-23 01:32:28,651 - INFO - o4_y_external_los: 0 missing values across 0 columns
2025-03-23 01:32:28,653 - INFO - o4_y_external_mortality: 0 missing values across 0 columns
2025-03-23 01:32:28,656 - INFO - o4_y_test_los: 0 missing values across 0 columns
2025-03-23 01:32:28,658 - INFO - o4_y_test_mortality: 0 missing values across 0 columns
2025-03-23 01:32:28,660 - INFO - o4_y_train_los: 0 missing values across 0 columns
2025-03-23 01:32:28,663 - INFO - o4_y_train_mortality: 0 missing values across 0 columns
2025-03-23 01:32:28,665 - INFO - o4_y_validate_los: 0 missing values across 0 columns
2025-03-23 01:32:28,667 - INFO - o4_y_validate_mortality: 0 missing values across 0 columns
2025-03-23 01:32:28,667 - INFO - Missing values calculation complete.
2025-03-23 01:32:28,668 - INFO - ++++++++++++++++++++++++++++++++++++++++++
2025-03-23 01:32:30,612 - INFO - ++++++++++++++++++++++++++++++++++++++++++
2025-03-23 01:32:30,613 - INFO - Calculate unique values.
2025-03-23 01:32:30,619 - INFO - o1_y_external_los unique target values: {'los': 830}
2025-03-23 01:32:30,623 - INFO - o1_y_external_mortality unique target values: {'hospital_expire_flag': 2}
2025-03-23 01:32:30,625 - INFO - o1_y_test_los unique target values: {'los': 319}
2025-03-23 01:32:30,627 - INFO - o1_y_test_mortality unique target values: {'hospital_expire_flag': 2}
2025-03-23 01:32:30,631 - INFO - o1_y_train_los unique target values: {'los': 2548}
2025-03-23 01:32:30,634 - INFO - o1_y_train_mortality unique target values: {'hospital_expire_flag': 2}
2025-03-23 01:32:30,635 - INFO - o1_y_validate_los unique target values: {'los': 319}
2025-03-23 01:32:30,637 - INFO - o1_y_validate_mortality unique target values: {'hospital_expire_flag': 2}
2025-03-23 01:32:30,641 - INFO - o2_y_external_los unique target values: {'los': 830}
2025-03-23 01:32:30,643 - INFO - o2_y_external_mortality unique target values: {'hospital_expire_flag': 2}
2025-03-23 01:32:30,645 - INFO - o2_y_test_los unique target values: {'los': 319}
2025-03-23 01:32:30,646 - INFO - o2_y_test_mortality unique target values: {'hospital_expire_flag': 2}
2025-03-23 01:32:30,649 - INFO - o2_y_train_los unique target values: {'los': 2548}
2025-03-23 01:32:30,651 - INFO - o2_y_train_mortality unique target values: {'hospital_expire_flag': 2}
2025-03-23 01:32:30,654 - INFO - o2_y_validate_los unique target values: {'los': 319}
2025-03-23 01:32:30,656 - INFO - o2_y_validate_mortality unique target values: {'hospital_expire_flag': 2}
2025-03-23 01:32:30,660 - INFO - o3_y_external_los unique target values: {'los': 830}
2025-03-23 01:32:30,663 - INFO - o3_y_external_mortality unique target values: {'hospital_expire_flag': 2}
2025-03-23 01:32:30,665 - INFO - o3_y_test_los unique target values: {'los': 319}
2025-03-23 01:32:30,667 - INFO - o3_y_test_mortality unique target values: {'hospital_expire_flag': 2}
2025-03-23 01:32:30,669 - INFO - o3_y_train_los unique target values: {'los': 2548}
2025-03-23 01:32:30,671 - INFO - o3_y_train_mortality unique target values: {'hospital_expire_flag': 2}
2025-03-23 01:32:30,673 - INFO - o3_y_validate_los unique target values: {'los': 319}
2025-03-23 01:32:30,675 - INFO - o3_y_validate_mortality unique target values: {'hospital_expire_flag': 2}
2025-03-23 01:32:30,678 - INFO - o4_y_external_los unique target values: {'los': 830}
2025-03-23 01:32:30,680 - INFO - o4_y_external_mortality unique target values: {'hospital_expire_flag': 2}
2025-03-23 01:32:30,681 - INFO - o4_y_test_los unique target values: {'los': 319}
2025-03-23 01:32:30,683 - INFO - o4_y_test_mortality unique target values: {'hospital_expire_flag': 2}
2025-03-23 01:32:30,685 - INFO - o4_y_train_los unique target values: {'los': 2548}
2025-03-23 01:32:30,687 - INFO - o4_y_train_mortality unique target values: {'hospital_expire_flag': 2}
2025-03-23 01:32:30,688 - INFO - o4_y_validate_los unique target values: {'los': 319}
2025-03-23 01:32:30,690 - INFO - o4_y_validate_mortality unique target values: {'hospital_expire_flag': 2}
2025-03-23 01:32:30,692 - INFO - Unique values calculation complete.
2025-03-23 01:32:30,693 - INFO - ++++++++++++++++++++++++++++++++++++++++++
